/*C11*/SET SCHEMA PUBLIC
DISCONNECT
/*C12*/SET SCHEMA PUBLIC
INSERT INTO SINDICOO VALUES(6,'MARTIN','2020-09-09','MASCULINO','MARTIN@MARTIN','419999999','2020-09-25')
COMMIT
DISCONNECT
/*C13*/SET SCHEMA PUBLIC
DISCONNECT
/*C14*/SET SCHEMA PUBLIC
DISCONNECT
/*C15*/SET SCHEMA PUBLIC
DELETE FROM SINDICOO WHERE IDSINDICO=6
INSERT INTO SINDICOO VALUES(6,'MARTINMORAES ','2020-09-09','MASCULINO','MARTIN@MARTIN','419999999','2020-09-25')
COMMIT
DISCONNECT
/*C16*/SET SCHEMA PUBLIC
DISCONNECT
/*C17*/SET SCHEMA PUBLIC
DISCONNECT
/*C18*/SET SCHEMA PUBLIC
DELETE FROM SINDICOO WHERE IDSINDICO=6
COMMIT
DISCONNECT
/*C19*/SET SCHEMA PUBLIC
DISCONNECT
